Build started 12/2/2013 4:37:39 PM.
     1>Project "C:\Users\Jordan\Documents\CSE386\androidtag\Lab12\bachmaerLab12\bachmaerLab12.vcxproj" on node 3 (build target(s)).
     1>InitializeBuildStatus:
         Creating "Debug\androidtag.unsuccessfulbuild" because "AlwaysCreate" was specified.
       ClCompile:
         c:\Program Files (x86)\Microsoft Visual Studio 10.0\VC\bin\CL.exe /c /I..\Include /ZI /nologo /W3 /WX- /Od /Oy- /D WIN32 /D _DEBUG /D _CONSOLE /D _MBCS /Gm /EHsc /RTC1 /MDd /GS /fp:precise /Zc:wchar_t /Zc:forScope /Fo"Debug\\" /Fd"Debug\vc100.pdb" /Gd /TP /analyze- /errorReport:prompt androidtag.cpp
         androidtag.cpp
       ManifestResourceCompile:
         c:\Program Files (x86)\Microsoft SDKs\Windows\v7.0A\bin\rc.exe /nologo /fo"Debug\androidtag.exe.embed.manifest.res" Debug\androidtag_manifest.rc 
       Link:
         c:\Program Files (x86)\Microsoft Visual Studio 10.0\VC\bin\link.exe /ERRORREPORT:PROMPT /OUT:"C:\Users\Jordan\Documents\CSE386\androidtag\Lab12\Debug\androidtag.exe" /INCREMENTAL /NOLOGO /LIBPATH:..\Lib glew32.lib freeglut.lib OpenGLCSE386.lib OpenAL32.lib kernel32.lib user32.lib gdi32.lib winspool.lib comdlg32.lib advapi32.lib shell32.lib ole32.lib oleaut32.lib uuid.lib odbc32.lib odbccp32.lib /MANIFEST /ManifestFile:"Debug\androidtag.exe.intermediate.manifest" /MANIFESTUAC:"level='asInvoker' uiAccess='false'" /DEBUG /PDB:"C:\Users\Jordan\Documents\CSE386\androidtag\Lab12\Debug\androidtag.pdb" /SUBSYSTEM:CONSOLE /TLBID:1 /DYNAMICBASE /NXCOMPAT /IMPLIB:"C:\Users\Jordan\Documents\CSE386\androidtag\Lab12\Debug\androidtag.lib" /MACHINE:X86 Debug\androidtag.exe.embed.manifest.res
         Debug\androidtag.obj
       Manifest:
         c:\Program Files (x86)\Microsoft SDKs\Windows\v7.0A\bin\mt.exe /nologo /verbose /out:"Debug\androidtag.exe.embed.manifest" /manifest Debug\androidtag.exe.intermediate.manifest
         c:\Program Files (x86)\Microsoft SDKs\Windows\v7.0A\bin\rc.exe /nologo /fo"Debug\androidtag.exe.embed.manifest.res" Debug\androidtag_manifest.rc 
       LinkEmbedManifest:
         c:\Program Files (x86)\Microsoft Visual Studio 10.0\VC\bin\link.exe /ERRORREPORT:PROMPT /OUT:"C:\Users\Jordan\Documents\CSE386\androidtag\Lab12\Debug\androidtag.exe" /INCREMENTAL /NOLOGO /LIBPATH:..\Lib glew32.lib freeglut.lib OpenGLCSE386.lib OpenAL32.lib kernel32.lib user32.lib gdi32.lib winspool.lib comdlg32.lib advapi32.lib shell32.lib ole32.lib oleaut32.lib uuid.lib odbc32.lib odbccp32.lib /MANIFEST /ManifestFile:"Debug\androidtag.exe.intermediate.manifest" /MANIFESTUAC:"level='asInvoker' uiAccess='false'" /DEBUG /PDB:"C:\Users\Jordan\Documents\CSE386\androidtag\Lab12\Debug\androidtag.pdb" /SUBSYSTEM:CONSOLE /TLBID:1 /DYNAMICBASE /NXCOMPAT /IMPLIB:"C:\Users\Jordan\Documents\CSE386\androidtag\Lab12\Debug\androidtag.lib" /MACHINE:X86 Debug\androidtag.exe.embed.manifest.res
         Debug\androidtag.obj
         bachmaerLab12.vcxproj -> C:\Users\Jordan\Documents\CSE386\androidtag\Lab12\Debug\androidtag.exe
       FinalizeBuildStatus:
         Deleting file "Debug\androidtag.unsuccessfulbuild".
         Touching "Debug\androidtag.lastbuildstate".
     1>Done Building Project "C:\Users\Jordan\Documents\CSE386\androidtag\Lab12\bachmaerLab12\bachmaerLab12.vcxproj" (build target(s)).

Build succeeded.

Time Elapsed 00:00:10.85
